<?xml version="1.0" encoding="UTF-8" ?>
<testsuites name="vitest tests" tests="220" failures="0" errors="0" time="5.294116295">
    <testsuite name="tests/agent-readiness.test.ts" timestamp="2026-07-21T03:45:30.723Z" hostname="selfagency-m1mb.local" tests="2" failures="0" errors="0" skipped="0" time="0.004142875">
        <testcase classname="tests/agent-readiness.test.ts" name="agent readiness &gt; does not register routes when agent is disabled" time="0.00133025">
        </testcase>
        <testcase classname="tests/agent-readiness.test.ts" name="agent readiness &gt; registers well-known endpoints when agent is enabled" time="0.000430583">
        </testcase>
    </testsuite>
    <testsuite name="tests/akismet.test.ts" timestamp="2026-07-21T03:45:30.725Z" hostname="selfagency-m1mb.local" tests="7" failures="0" errors="0" skipped="0" time="0.059677375">
        <testcase classname="tests/akismet.test.ts" name="Akismet spam check &gt; returns ham when Akismet says false" time="0.045536208">
        </testcase>
        <testcase classname="tests/akismet.test.ts" name="Akismet spam check &gt; returns spam when Akismet says true" time="0.002989125">
        </testcase>
        <testcase classname="tests/akismet.test.ts" name="Akismet spam check &gt; returns pending when no API key" time="0.000101959">
        </testcase>
        <testcase classname="tests/akismet.test.ts" name="Akismet spam check &gt; returns pending on network error" time="0.001775334">
            <system-err>
Akismet fetch failed: TypeError: Failed to fetch
    at createNetworkError (file:///Users/daniel/Developer/hypernext/node_modules/.pnpm/@mswjs+interceptors@0.41.9/node_modules/@mswjs/interceptors/lib/node/fetch-CaC3rGEu.mjs:11:39)
    at Object.respondWith (file:///Users/daniel/Developer/hypernext/node_modules/.pnpm/@mswjs+interceptors@0.41.9/node_modules/@mswjs/interceptors/lib/node/fetch-CaC3rGEu.mjs:187:30)
    at RequestController.respondWith (file:///Users/daniel/Developer/hypernext/node_modules/.pnpm/@mswjs+interceptors@0.41.9/node_modules/@mswjs/interceptors/lib/node/fetchUtils-BKJ1XmiO.mjs:219:15)
    at InterceptorHttpNetworkFrame.respondWith (file:///Users/daniel/Developer/hypernext/node_modules/.pnpm/msw@2.15.0_@types+node@26.1.1_typescript@6.0.3/node_modules/msw/lib/core/experimental/sources/interceptor-source.mjs:90:24)
    at InterceptorHttpNetworkFrame.resolve (file:///Users/daniel/Developer/hypernext/node_modules/.pnpm/msw@2.15.0_@types+node@26.1.1_typescript@6.0.3/node_modules/msw/lib/core/experimental/frames/http-frame.mjs:158:10)
    at processTicksAndRejections (node:internal/process/task_queues:104:5)
    at Emitter.&lt;anonymous&gt; (file:///Users/daniel/Developer/hypernext/node_modules/.pnpm/msw@2.15.0_@types+node@26.1.1_typescript@6.0.3/node_modules/msw/lib/core/experimental/define-network.mjs:80:11)
    at Emitter.emitAsPromise (file:///Users/daniel/Developer/hypernext/node_modules/.pnpm/rettime@0.11.11/node_modules/rettime/build/index.mjs:177:24)
    at InterceptorSource.queue (file:///Users/daniel/Developer/hypernext/node_modules/.pnpm/msw@2.15.0_@types+node@26.1.1_typescript@6.0.3/node_modules/msw/lib/core/experimental/sources/network-source.mjs:17:5)
    at InterceptorSource.#handleRequest (file:///Users/daniel/Developer/hypernext/node_modules/.pnpm/msw@2.15.0_@types+node@26.1.1_typescript@6.0.3/node_modules/msw/lib/core/experimental/sources/interceptor-source.mjs:38:5) {
  cause: Response {
    status: 0,
    statusText: &apos;&apos;,
    headers: Headers {},
    body: null,
    bodyUsed: false,
    ok: false,
    redirected: false,
    type: &apos;error&apos;,
    url: &apos;&apos;
  }
}

            </system-err>
        </testcase>
        <testcase classname="tests/akismet.test.ts" name="Akismet spam check &gt; returns pending on unexpected response" time="0.003029542">
            <system-err>
Akismet API error: invalid

            </system-err>
        </testcase>
        <testcase classname="tests/akismet.test.ts" name="Akismet spam check &gt; sends correct endpoint URL" time="0.000739875">
        </testcase>
        <testcase classname="tests/akismet.test.ts" name="Akismet spam check &gt; sends form-encoded body with expected fields" time="0.000771541">
        </testcase>
    </testsuite>
    <testsuite name="tests/analytics.test.ts" timestamp="2026-07-21T03:45:30.726Z" hostname="selfagency-m1mb.local" tests="3" failures="0" errors="0" skipped="0" time="0.004957042">
        <testcase classname="tests/analytics.test.ts" name="analytics &gt; hashVisitor &gt; produces consistent hash for same IP on same day" time="0.002487709">
        </testcase>
        <testcase classname="tests/analytics.test.ts" name="analytics &gt; hashVisitor &gt; produces different hashes for different IPs" time="0.000485792">
        </testcase>
        <testcase classname="tests/analytics.test.ts" name="analytics &gt; hashVisitor &gt; returns a string of reasonable length" time="0.000125292">
        </testcase>
    </testsuite>
    <testsuite name="tests/api.test.ts" timestamp="2026-07-21T03:45:30.726Z" hostname="selfagency-m1mb.local" tests="12" failures="0" errors="0" skipped="0" time="0.195183792">
        <testcase classname="tests/api.test.ts" name="API routes &gt; lists docs" time="0.069791209">
        </testcase>
        <testcase classname="tests/api.test.ts" name="API routes &gt; filters docs by type" time="0.002795708">
        </testcase>
        <testcase classname="tests/api.test.ts" name="API routes &gt; returns single doc by slug" time="0.002188417">
        </testcase>
        <testcase classname="tests/api.test.ts" name="API routes &gt; returns 404 for missing doc" time="0.001706416">
        </testcase>
        <testcase classname="tests/api.test.ts" name="API routes &gt; PUT /api/v1/docs/* creates a document" time="0.017030667">
        </testcase>
        <testcase classname="tests/api.test.ts" name="API routes &gt; rejects requests without Bearer token" time="0.005693375">
        </testcase>
        <testcase classname="tests/api.test.ts" name="API routes &gt; accepts requests with valid Bearer token" time="0.004247291">
        </testcase>
        <testcase classname="tests/api.test.ts" name="moderation API &gt; GET /api/v1/comments lists all comments" time="0.004900708">
        </testcase>
        <testcase classname="tests/api.test.ts" name="moderation API &gt; POST /api/v1/comments/:id/hide hides a comment" time="0.005251917">
        </testcase>
        <testcase classname="tests/api.test.ts" name="moderation API &gt; POST /api/v1/comments/:id/unhide unhides a comment" time="0.002658041">
        </testcase>
        <testcase classname="tests/api.test.ts" name="moderation API &gt; DELETE /api/v1/comments/:id deletes a comment" time="0.003889458">
        </testcase>
        <testcase classname="tests/api.test.ts" name="moderation API &gt; GET /api/v1/blocklist returns blocklist" time="0.001675375">
        </testcase>
    </testsuite>
    <testsuite name="tests/auth.test.ts" timestamp="2026-07-21T03:45:30.727Z" hostname="selfagency-m1mb.local" tests="7" failures="0" errors="0" skipped="0" time="0.166895917">
        <testcase classname="tests/auth.test.ts" name="auth &gt; serves OAuth authorization server metadata" time="0.08347575">
        </testcase>
        <testcase classname="tests/auth.test.ts" name="auth &gt; authorization endpoint returns redirect with code" time="0.016186334">
        </testcase>
        <testcase classname="tests/auth.test.ts" name="auth &gt; token endpoint exchanges code for JWT token" time="0.018941166">
        </testcase>
        <testcase classname="tests/auth.test.ts" name="auth &gt; token endpoint rejects invalid code" time="0.002894292">
        </testcase>
        <testcase classname="tests/auth.test.ts" name="auth &gt; verifyBearerToken rejects missing token" time="0.001866625">
        </testcase>
        <testcase classname="tests/auth.test.ts" name="auth &gt; verifyBearerToken accepts valid JWT" time="0.002351333">
        </testcase>
        <testcase classname="tests/auth.test.ts" name="auth &gt; verifyBearerToken rejects expired JWT" time="0.001512125">
        </testcase>
    </testsuite>
    <testsuite name="tests/bin.test.ts" timestamp="2026-07-21T03:45:30.728Z" hostname="selfagency-m1mb.local" tests="6" failures="0" errors="0" skipped="0" time="0.047429417">
        <testcase classname="tests/bin.test.ts" name="CLI bootstrap &gt; scaffolds default config and directories when missing" time="0.002795208">
        </testcase>
        <testcase classname="tests/bin.test.ts" name="CLI bootstrap &gt; loads a valid config YAML" time="0.017904334">
        </testcase>
        <testcase classname="tests/bin.test.ts" name="CLI bootstrap &gt; merges port CLI override into HTTP protocol config" time="0.010464125">
        </testcase>
        <testcase classname="tests/bin.test.ts" name="CLI bootstrap &gt; merges --no-gemini override" time="0.008632375">
        </testcase>
        <testcase classname="tests/bin.test.ts" name="CLI bootstrap &gt; merges --no-gopher override" time="0.004165375">
        </testcase>
        <testcase classname="tests/bin.test.ts" name="CLI bootstrap &gt; substitutes environment variables in config values" time="0.001633792">
        </testcase>
    </testsuite>
    <testsuite name="tests/bridge.test.ts" timestamp="2026-07-21T03:45:30.728Z" hostname="selfagency-m1mb.local" tests="4" failures="0" errors="0" skipped="0" time="0.1360655">
        <testcase classname="tests/bridge.test.ts" name="bridge &gt; shouldSyndicate returns true for type: post" time="0.001419125">
        </testcase>
        <testcase classname="tests/bridge.test.ts" name="bridge &gt; shouldSyndicate returns false for non-post types" time="0.000930042">
        </testcase>
        <testcase classname="tests/bridge.test.ts" name="bridge &gt; syndicate enqueues a background job for new posts" time="0.037789458">
        </testcase>
        <testcase classname="tests/bridge.test.ts" name="bridge &gt; syndicate skips when all platforms already syndicated" time="0.00195">
        </testcase>
    </testsuite>
    <testsuite name="tests/cache.test.ts" timestamp="2026-07-21T03:45:30.729Z" hostname="selfagency-m1mb.local" tests="3" failures="0" errors="0" skipped="0" time="0.0032335">
        <testcase classname="tests/cache.test.ts" name="cache &gt; stores and retrieves parse results" time="0.0011935">
        </testcase>
        <testcase classname="tests/cache.test.ts" name="cache &gt; stores and retrieves rendered content" time="0.000131875">
        </testcase>
        <testcase classname="tests/cache.test.ts" name="cache &gt; invalidates both caches" time="0.000210125">
        </testcase>
    </testsuite>
    <testsuite name="tests/components.test.ts" timestamp="2026-07-21T03:45:30.729Z" hostname="selfagency-m1mb.local" tests="5" failures="0" errors="0" skipped="0" time="0.093907625">
        <testcase classname="tests/components.test.ts" name="component resolvers &gt; NavMenu component &gt; returns navigation links" time="0.011386083">
        </testcase>
        <testcase classname="tests/components.test.ts" name="component resolvers &gt; RecentPosts component &gt; returns empty message when no posts" time="0.000329417">
        </testcase>
        <testcase classname="tests/components.test.ts" name="component resolvers &gt; Comments component &gt; returns heading when no mentions exist for slug" time="0.000284">
        </testcase>
        <testcase classname="tests/components.test.ts" name="component resolvers &gt; Comments component &gt; renders ham mentions as mention nodes" time="0.020904833">
        </testcase>
        <testcase classname="tests/components.test.ts" name="component resolvers &gt; Comments component &gt; skips spam mentions" time="0.000462542">
        </testcase>
    </testsuite>
    <testsuite name="tests/config-resolver.test.ts" timestamp="2026-07-21T03:45:30.730Z" hostname="selfagency-m1mb.local" tests="6" failures="0" errors="0" skipped="0" time="0.102550708">
        <testcase classname="tests/config-resolver.test.ts" name="comment config resolver &gt; getGlobalCommentConfig &gt; returns defaults when no comments config" time="0.001043666">
        </testcase>
        <testcase classname="tests/config-resolver.test.ts" name="comment config resolver &gt; getGlobalCommentConfig &gt; merges partial config over defaults" time="0.000171917">
        </testcase>
        <testcase classname="tests/config-resolver.test.ts" name="comment config resolver &gt; resolveCommentConfig &gt; returns global defaults when doc has no frontmatter overrides" time="0.017726167">
        </testcase>
        <testcase classname="tests/config-resolver.test.ts" name="comment config resolver &gt; resolveCommentConfig &gt; respects per-doc frontmatter overrides" time="0.001256542">
        </testcase>
        <testcase classname="tests/config-resolver.test.ts" name="comment config resolver &gt; resolveCommentConfig &gt; disables everything when global enabled is false" time="0.0010285">
        </testcase>
        <testcase classname="tests/config-resolver.test.ts" name="comment config resolver &gt; resolveCommentConfig &gt; throws on non-existent slug" time="0.001436292">
        </testcase>
    </testsuite>
    <testsuite name="tests/config.test.ts" timestamp="2026-07-21T03:45:30.730Z" hostname="selfagency-m1mb.local" tests="5" failures="0" errors="0" skipped="0" time="0.012981917">
        <testcase classname="tests/config.test.ts" name="config loader and merger &gt; deep-merges nested objects without mutating target" time="0.001474916">
        </testcase>
        <testcase classname="tests/config.test.ts" name="config loader and merger &gt; validates required top-level keys" time="0.000995166">
        </testcase>
        <testcase classname="tests/config.test.ts" name="config loader and merger &gt; validates site.canonicalBase" time="0.000606083">
        </testcase>
        <testcase classname="tests/config.test.ts" name="config loader and merger &gt; loads config and substitutes environment variables" time="0.0074865">
        </testcase>
        <testcase classname="tests/config.test.ts" name="config loader and merger &gt; merges CLI port override" time="0.000457917">
        </testcase>
    </testsuite>
    <testsuite name="tests/database.test.ts" timestamp="2026-07-21T03:45:30.731Z" hostname="selfagency-m1mb.local" tests="7" failures="0" errors="0" skipped="0" time="0.157400583">
        <testcase classname="tests/database.test.ts" name="database &gt; initializes schema with required tables" time="0.001726667">
        </testcase>
        <testcase classname="tests/database.test.ts" name="database &gt; inserts and retrieves docs" time="0.01794925">
        </testcase>
        <testcase classname="tests/database.test.ts" name="database &gt; searches via FTS5" time="0.00646975">
        </testcase>
        <testcase classname="tests/database.test.ts" name="database &gt; manages taxonomy terms and relationships" time="0.005309041">
        </testcase>
        <testcase classname="tests/database.test.ts" name="database &gt; records syndication" time="0.002136209">
        </testcase>
        <testcase classname="tests/database.test.ts" name="database &gt; stores OAuth tokens" time="0.001545583">
        </testcase>
        <testcase classname="tests/database.test.ts" name="database &gt; uses parameterized queries for safe term lookup" time="0.001005291">
        </testcase>
    </testsuite>
    <testsuite name="tests/federation.test.ts" timestamp="2026-07-21T03:45:30.732Z" hostname="selfagency-m1mb.local" tests="4" failures="0" errors="0" skipped="0" time="0.075549625">
        <testcase classname="tests/federation.test.ts" name="federation &gt; serves WebFinger endpoint" time="0.068944541">
        </testcase>
        <testcase classname="tests/federation.test.ts" name="federation &gt; returns 400 for missing resource" time="0.001815833">
        </testcase>
        <testcase classname="tests/federation.test.ts" name="federation &gt; serves Actor endpoint" time="0.001423042">
        </testcase>
        <testcase classname="tests/federation.test.ts" name="federation &gt; serves Outbox endpoint" time="0.001307792">
        </testcase>
    </testsuite>
    <testsuite name="tests/frontmatter.test.ts" timestamp="2026-07-21T03:45:30.732Z" hostname="selfagency-m1mb.local" tests="13" failures="0" errors="0" skipped="0" time="0.008591083">
        <testcase classname="tests/frontmatter.test.ts" name="frontmatter &gt; isDocPrivate &gt; returns true for private visibility" time="0.0042425">
        </testcase>
        <testcase classname="tests/frontmatter.test.ts" name="frontmatter &gt; isDocPrivate &gt; returns false for public visibility" time="0.000247708">
        </testcase>
        <testcase classname="tests/frontmatter.test.ts" name="frontmatter &gt; isDocPrivate &gt; returns false when no visibility" time="0.000071417">
        </testcase>
        <testcase classname="tests/frontmatter.test.ts" name="frontmatter &gt; isDocPrivateFrontmatter &gt; returns true for private" time="0.000070125">
        </testcase>
        <testcase classname="tests/frontmatter.test.ts" name="frontmatter &gt; isDocPrivateFrontmatter &gt; returns false for public" time="0.000054125">
        </testcase>
        <testcase classname="tests/frontmatter.test.ts" name="frontmatter &gt; isDocPrivateFrontmatter &gt; returns false when key missing" time="0.000048166">
        </testcase>
        <testcase classname="tests/frontmatter.test.ts" name="frontmatter &gt; isFutureDated &gt; returns true for future date" time="0.0013285">
        </testcase>
        <testcase classname="tests/frontmatter.test.ts" name="frontmatter &gt; isFutureDated &gt; returns false for past date" time="0.000144">
        </testcase>
        <testcase classname="tests/frontmatter.test.ts" name="frontmatter &gt; isFutureDated &gt; returns false when no date" time="0.000068084">
        </testcase>
        <testcase classname="tests/frontmatter.test.ts" name="frontmatter &gt; isFutureDated &gt; checks publishAt before date" time="0.000339083">
        </testcase>
        <testcase classname="tests/frontmatter.test.ts" name="frontmatter &gt; isFutureDatedFrontmatter &gt; returns true for future publishAt" time="0.000073208">
        </testcase>
        <testcase classname="tests/frontmatter.test.ts" name="frontmatter &gt; isFutureDatedFrontmatter &gt; returns false for past date" time="0.000053375">
        </testcase>
        <testcase classname="tests/frontmatter.test.ts" name="frontmatter &gt; isFutureDatedFrontmatter &gt; returns false when no date" time="0.000041667">
        </testcase>
    </testsuite>
    <testsuite name="tests/http.test.ts" timestamp="2026-07-21T03:45:30.733Z" hostname="selfagency-m1mb.local" tests="3" failures="0" errors="0" skipped="0" time="0.290495584">
        <testcase classname="tests/http.test.ts" name="HTTP server &gt; serves the home page" time="0.151937166">
        </testcase>
        <testcase classname="tests/http.test.ts" name="HTTP server &gt; returns 404 for missing slug" time="0.016907708">
        </testcase>
        <testcase classname="tests/http.test.ts" name="HTTP server &gt; serves health endpoint" time="0.040783916">
        </testcase>
    </testsuite>
    <testsuite name="tests/inbound.test.ts" timestamp="2026-07-21T03:45:30.734Z" hostname="selfagency-m1mb.local" tests="11" failures="0" errors="0" skipped="0" time="0.256456958">
        <testcase classname="tests/inbound.test.ts" name="inbound mention processing &gt; stores a mention from a valid webmention" time="0.03006">
        </testcase>
        <testcase classname="tests/inbound.test.ts" name="inbound mention processing &gt; skips when inbound type is disabled" time="0.001503791">
        </testcase>
        <testcase classname="tests/inbound.test.ts" name="inbound mention processing &gt; skips when target link not in source HTML" time="0.003985083">
        </testcase>
        <testcase classname="tests/inbound.test.ts" name="inbound mention processing &gt; skips on SSRF rejection (localhost source)" time="0.000771834">
        </testcase>
        <testcase classname="tests/inbound.test.ts" name="inbound mention processing &gt; skips when target does not match canonicalBase" time="0.000310292">
        </testcase>
        <testcase classname="tests/inbound.test.ts" name="inbound HTTP routes &gt; POST /webmention returns 202" time="0.092699458">
        </testcase>
        <testcase classname="tests/inbound.test.ts" name="inbound HTTP routes &gt; POST /webmention returns 400 on missing fields" time="0.011179583">
        </testcase>
        <testcase classname="tests/inbound.test.ts" name="inbound HTTP routes &gt; POST /pingback returns XML-RPC response" time="0.005548292">
        </testcase>
        <testcase classname="tests/inbound.test.ts" name="inbound HTTP routes &gt; POST /pingback returns 400 on invalid request" time="0.003602541">
        </testcase>
        <testcase classname="tests/inbound.test.ts" name="inbound HTTP routes &gt; POST /trackback/:slug returns 202" time="0.009592417">
        </testcase>
        <testcase classname="tests/inbound.test.ts" name="inbound HTTP routes &gt; POST /trackback/:slug returns 400 on missing url" time="0.016020084">
        </testcase>
    </testsuite>
    <testsuite name="tests/indexer.test.ts" timestamp="2026-07-21T03:45:30.735Z" hostname="selfagency-m1mb.local" tests="2" failures="0" errors="0" skipped="0" time="0.082987084">
        <testcase classname="tests/indexer.test.ts" name="indexer &gt; indexes a document with frontmatter" time="0.031593833">
        </testcase>
        <testcase classname="tests/indexer.test.ts" name="indexer &gt; indexes taxonomy terms from frontmatter" time="0.000612459">
        </testcase>
    </testsuite>
    <testsuite name="tests/ingest.test.ts" timestamp="2026-07-21T03:45:30.735Z" hostname="selfagency-m1mb.local" tests="3" failures="0" errors="0" skipped="0" time="0.281687709">
        <testcase classname="tests/ingest.test.ts" name="ingest manager &gt; ingestUrl fetches URL, converts to MDX, and saves" time="0.160391167">
        </testcase>
        <testcase classname="tests/ingest.test.ts" name="ingest manager &gt; ingestUrl strips script, style, nav, footer tags" time="0.069971375">
        </testcase>
        <testcase classname="tests/ingest.test.ts" name="ingest manager &gt; ingestUrl throws on non-ok response" time="0.001078167">
        </testcase>
    </testsuite>
    <testsuite name="tests/ipfs.test.ts" timestamp="2026-07-21T03:45:30.735Z" hostname="selfagency-m1mb.local" tests="6" failures="0" errors="0" skipped="0" time="0.1335965">
        <testcase classname="tests/ipfs.test.ts" name="IPFS integration &gt; IPFSLink component &gt; returns empty when no current slug" time="0.001328292">
        </testcase>
        <testcase classname="tests/ipfs.test.ts" name="IPFS integration &gt; IPFSLink component &gt; returns empty when doc has no CID" time="0.04622075">
        </testcase>
        <testcase classname="tests/ipfs.test.ts" name="IPFS integration &gt; IPFSLink component &gt; returns link when doc has html_cid" time="0.001501042">
        </testcase>
        <testcase classname="tests/ipfs.test.ts" name="IPFS integration &gt; IPFSLink component &gt; falls back to content_cid when html_cid is absent" time="0.001069125">
        </testcase>
        <testcase classname="tests/ipfs.test.ts" name="IPFS integration &gt; IPFSLink component &gt; uses custom gateway URL from config" time="0.000966042">
        </testcase>
        <testcase classname="tests/ipfs.test.ts" name="IPFS integration &gt; DocMeta CID storage &gt; persists contentCid and htmlCid" time="0.001095708">
        </testcase>
    </testsuite>
    <testsuite name="tests/layout.test.ts" timestamp="2026-07-21T03:45:30.736Z" hostname="selfagency-m1mb.local" tests="4" failures="0" errors="0" skipped="0" time="0.025310542">
        <testcase classname="tests/layout.test.ts" name="resolveLayout &gt; wraps document content in default skeleton" time="0.017317917">
        </testcase>
        <testcase classname="tests/layout.test.ts" name="resolveLayout &gt; selects collection layout for blog collection" time="0.001748125">
        </testcase>
        <testcase classname="tests/layout.test.ts" name="resolveLayout &gt; throws when layout file is missing from embedded defaults" time="0.000697875">
        </testcase>
        <testcase classname="tests/layout.test.ts" name="resolveLayout &gt; throws when layout has no slot" time="0.002583666">
        </testcase>
    </testsuite>
    <testsuite name="tests/mcp.test.ts" timestamp="2026-07-21T03:45:30.736Z" hostname="selfagency-m1mb.local" tests="9" failures="0" errors="0" skipped="0" time="0.335741292">
        <testcase classname="tests/mcp.test.ts" name="MCP tools &gt; lists tools with correct names" time="0.0017195">
        </testcase>
        <testcase classname="tests/mcp.test.ts" name="MCP tools &gt; search_docs returns results" time="0.00473925">
        </testcase>
        <testcase classname="tests/mcp.test.ts" name="MCP tools &gt; read_doc returns markdown" time="0.00706125">
        </testcase>
        <testcase classname="tests/mcp.test.ts" name="MCP tools &gt; read_doc returns error for missing slug" time="0.000529708">
        </testcase>
        <testcase classname="tests/mcp.test.ts" name="MCP tools &gt; list_collections returns configured collections" time="0.000345459">
        </testcase>
        <testcase classname="tests/mcp.test.ts" name="MCP IPFS tools &gt; includes IPFS tools when ipfs.enabled is true" time="0.0002195">
        </testcase>
        <testcase classname="tests/mcp.test.ts" name="MCP IPFS tools &gt; excludes IPFS tools when ipfs is not configured" time="0.000175834">
        </testcase>
        <testcase classname="tests/mcp.test.ts" name="MCP IPFS tools &gt; get_doc_cid returns CIDs from database" time="0.245557875">
        </testcase>
        <testcase classname="tests/mcp.test.ts" name="MCP IPFS tools &gt; get_doc_cid returns null CIDs when not pinned" time="0.000641875">
        </testcase>
    </testsuite>
    <testsuite name="tests/micropub.test.ts" timestamp="2026-07-21T03:45:30.737Z" hostname="selfagency-m1mb.local" tests="3" failures="0" errors="0" skipped="0" time="0.177389708">
        <testcase classname="tests/micropub.test.ts" name="micropub &gt; rejects requests without Bearer token" time="0.077437209">
        </testcase>
        <testcase classname="tests/micropub.test.ts" name="micropub &gt; creates a post with valid token" time="0.046460459">
        </testcase>
        <testcase classname="tests/micropub.test.ts" name="micropub &gt; returns 400 for missing properties" time="0.001837709">
        </testcase>
    </testsuite>
    <testsuite name="tests/parser.test.ts" timestamp="2026-07-21T03:45:30.738Z" hostname="selfagency-m1mb.local" tests="13" failures="0" errors="0" skipped="0" time="0.034123">
        <testcase classname="tests/parser.test.ts" name="parseToIR &gt; parses a simple heading and paragraph" time="0.012802541">
        </testcase>
        <testcase classname="tests/parser.test.ts" name="parseToIR &gt; extracts frontmatter" time="0.004102125">
        </testcase>
        <testcase classname="tests/parser.test.ts" name="parseToIR &gt; rejects unknown JSX components with Security Error" time="0.001384542">
        </testcase>
        <testcase classname="tests/parser.test.ts" name="parseToIR &gt; rejects &lt;script&gt; as unknown component" time="0.000799083">
        </testcase>
        <testcase classname="tests/parser.test.ts" name="parseToIR &gt; allows known components" time="0.000479417">
        </testcase>
        <testcase classname="tests/parser.test.ts" name="parseToIR &gt; parses ordered and unordered lists" time="0.001914041">
        </testcase>
        <testcase classname="tests/parser.test.ts" name="parseToIR &gt; parses code blocks" time="0.000867375">
        </testcase>
        <testcase classname="tests/parser.test.ts" name="parseToIR &gt; parses links and images" time="0.004758208">
        </testcase>
        <testcase classname="tests/parser.test.ts" name="parseToIR &gt; parses inline formatting" time="0.001505417">
        </testcase>
        <testcase classname="tests/parser.test.ts" name="parseToIR &gt; parses blockquotes and thematic breaks" time="0.000733333">
        </testcase>
        <testcase classname="tests/parser.test.ts" name="parseToIR &gt; parses math blocks" time="0.000729125">
        </testcase>
        <testcase classname="tests/parser.test.ts" name="parseToIR &gt; parses tables" time="0.001209583">
        </testcase>
        <testcase classname="tests/parser.test.ts" name="parseToIR &gt; returns empty errors array on success" time="0.000656">
        </testcase>
    </testsuite>
    <testsuite name="tests/posse-replies.test.ts" timestamp="2026-07-21T03:45:30.739Z" hostname="selfagency-m1mb.local" tests="8" failures="0" errors="0" skipped="0" time="0.154432083">
        <testcase classname="tests/posse-replies.test.ts" name="POSSE reply fetching &gt; fetchMastodonReplies &gt; stores replies from Mastodon context" time="0.040002167">
        </testcase>
        <testcase classname="tests/posse-replies.test.ts" name="POSSE reply fetching &gt; fetchMastodonReplies &gt; skips already-existing mentions" time="0.004098917">
        </testcase>
        <testcase classname="tests/posse-replies.test.ts" name="POSSE reply fetching &gt; fetchMastodonReplies &gt; handles empty descendants gracefully" time="0.000745417">
        </testcase>
        <testcase classname="tests/posse-replies.test.ts" name="POSSE reply fetching &gt; fetchMastodonReplies &gt; handles API error gracefully" time="0.001634708">
            <system-err>
Mastodon reply fetch error: TypeError: Failed to fetch
    at createNetworkError (file:///Users/daniel/Developer/hypernext/node_modules/.pnpm/@mswjs+interceptors@0.41.9/node_modules/@mswjs/interceptors/lib/node/fetch-CaC3rGEu.mjs:11:39)
    at Object.respondWith (file:///Users/daniel/Developer/hypernext/node_modules/.pnpm/@mswjs+interceptors@0.41.9/node_modules/@mswjs/interceptors/lib/node/fetch-CaC3rGEu.mjs:187:30)
    at RequestController.respondWith (file:///Users/daniel/Developer/hypernext/node_modules/.pnpm/@mswjs+interceptors@0.41.9/node_modules/@mswjs/interceptors/lib/node/fetchUtils-BKJ1XmiO.mjs:219:15)
    at InterceptorHttpNetworkFrame.respondWith (file:///Users/daniel/Developer/hypernext/node_modules/.pnpm/msw@2.15.0_@types+node@26.1.1_typescript@6.0.3/node_modules/msw/lib/core/experimental/sources/interceptor-source.mjs:90:24)
    at InterceptorHttpNetworkFrame.resolve (file:///Users/daniel/Developer/hypernext/node_modules/.pnpm/msw@2.15.0_@types+node@26.1.1_typescript@6.0.3/node_modules/msw/lib/core/experimental/frames/http-frame.mjs:158:10)
    at processTicksAndRejections (node:internal/process/task_queues:104:5)
    at Emitter.&lt;anonymous&gt; (file:///Users/daniel/Developer/hypernext/node_modules/.pnpm/msw@2.15.0_@types+node@26.1.1_typescript@6.0.3/node_modules/msw/lib/core/experimental/define-network.mjs:80:11)
    at Emitter.emitAsPromise (file:///Users/daniel/Developer/hypernext/node_modules/.pnpm/rettime@0.11.11/node_modules/rettime/build/index.mjs:177:24)
    at InterceptorSource.queue (file:///Users/daniel/Developer/hypernext/node_modules/.pnpm/msw@2.15.0_@types+node@26.1.1_typescript@6.0.3/node_modules/msw/lib/core/experimental/sources/network-source.mjs:17:5)
    at InterceptorSource.#handleRequest (file:///Users/daniel/Developer/hypernext/node_modules/.pnpm/msw@2.15.0_@types+node@26.1.1_typescript@6.0.3/node_modules/msw/lib/core/experimental/sources/interceptor-source.mjs:38:5) {
  cause: Response {
    status: 0,
    statusText: &apos;&apos;,
    headers: Headers {},
    body: null,
    bodyUsed: false,
    ok: false,
    redirected: false,
    type: &apos;error&apos;,
    url: &apos;&apos;
  }
}

            </system-err>
        </testcase>
        <testcase classname="tests/posse-replies.test.ts" name="POSSE reply fetching &gt; fetchBlueskyReplies &gt; stores replies from Bluesky thread" time="0.00487425">
        </testcase>
        <testcase classname="tests/posse-replies.test.ts" name="POSSE reply fetching &gt; fetchBlueskyReplies &gt; skips already-existing Bluesky mentions" time="0.01006625">
        </testcase>
        <testcase classname="tests/posse-replies.test.ts" name="POSSE reply fetching &gt; fetchBlueskyReplies &gt; handles empty replies gracefully" time="0.000890625">
        </testcase>
        <testcase classname="tests/posse-replies.test.ts" name="POSSE reply fetching &gt; fetchBlueskyReplies &gt; handles API error gracefully" time="0.00066225">
            <system-err>
Bluesky reply fetch error: TypeError: Failed to fetch
    at createNetworkError (file:///Users/daniel/Developer/hypernext/node_modules/.pnpm/@mswjs+interceptors@0.41.9/node_modules/@mswjs/interceptors/lib/node/fetch-CaC3rGEu.mjs:11:39)
    at Object.respondWith (file:///Users/daniel/Developer/hypernext/node_modules/.pnpm/@mswjs+interceptors@0.41.9/node_modules/@mswjs/interceptors/lib/node/fetch-CaC3rGEu.mjs:187:30)
    at RequestController.respondWith (file:///Users/daniel/Developer/hypernext/node_modules/.pnpm/@mswjs+interceptors@0.41.9/node_modules/@mswjs/interceptors/lib/node/fetchUtils-BKJ1XmiO.mjs:219:15)
    at InterceptorHttpNetworkFrame.respondWith (file:///Users/daniel/Developer/hypernext/node_modules/.pnpm/msw@2.15.0_@types+node@26.1.1_typescript@6.0.3/node_modules/msw/lib/core/experimental/sources/interceptor-source.mjs:90:24)
    at InterceptorHttpNetworkFrame.resolve (file:///Users/daniel/Developer/hypernext/node_modules/.pnpm/msw@2.15.0_@types+node@26.1.1_typescript@6.0.3/node_modules/msw/lib/core/experimental/frames/http-frame.mjs:158:10)
    at processTicksAndRejections (node:internal/process/task_queues:104:5)
    at Emitter.&lt;anonymous&gt; (file:///Users/daniel/Developer/hypernext/node_modules/.pnpm/msw@2.15.0_@types+node@26.1.1_typescript@6.0.3/node_modules/msw/lib/core/experimental/define-network.mjs:80:11)
    at Emitter.emitAsPromise (file:///Users/daniel/Developer/hypernext/node_modules/.pnpm/rettime@0.11.11/node_modules/rettime/build/index.mjs:177:24)
    at InterceptorSource.queue (file:///Users/daniel/Developer/hypernext/node_modules/.pnpm/msw@2.15.0_@types+node@26.1.1_typescript@6.0.3/node_modules/msw/lib/core/experimental/sources/network-source.mjs:17:5)
    at InterceptorSource.#handleRequest (file:///Users/daniel/Developer/hypernext/node_modules/.pnpm/msw@2.15.0_@types+node@26.1.1_typescript@6.0.3/node_modules/msw/lib/core/experimental/sources/interceptor-source.mjs:38:5) {
  cause: Response {
    status: 0,
    statusText: &apos;&apos;,
    headers: Headers {},
    body: null,
    bodyUsed: false,
    ok: false,
    redirected: false,
    type: &apos;error&apos;,
    url: &apos;&apos;
  }
}

            </system-err>
        </testcase>
    </testsuite>
    <testsuite name="tests/renderers-data.test.ts" timestamp="2026-07-21T03:45:30.740Z" hostname="selfagency-m1mb.local" tests="6" failures="0" errors="0" skipped="0" time="0.181393167">
        <testcase classname="tests/renderers-data.test.ts" name="sitemap renderer &gt; renders empty sitemap when no docs" time="0.010406292">
        </testcase>
        <testcase classname="tests/renderers-data.test.ts" name="sitemap renderer &gt; includes public posts in sitemap" time="0.080302375">
        </testcase>
        <testcase classname="tests/renderers-data.test.ts" name="sitemap renderer &gt; excludes private documents" time="0.0022435">
        </testcase>
        <testcase classname="tests/renderers-data.test.ts" name="llms.txt renderer &gt; renders header with site info" time="0.010748">
        </testcase>
        <testcase classname="tests/renderers-data.test.ts" name="llms.txt renderer &gt; groups docs by collection" time="0.007161417">
        </testcase>
        <testcase classname="tests/renderers-data.test.ts" name="llms.txt renderer &gt; excludes private documents" time="0.001264334">
        </testcase>
    </testsuite>
    <testsuite name="tests/renderers-extended.test.ts" timestamp="2026-07-21T03:45:30.741Z" hostname="selfagency-m1mb.local" tests="11" failures="0" errors="0" skipped="0" time="0.004222542">
        <testcase classname="tests/renderers-extended.test.ts" name="robots.txt renderer &gt; renders default robots.txt with AI crawlers blocked" time="0.00099775">
        </testcase>
        <testcase classname="tests/renderers-extended.test.ts" name="robots.txt renderer &gt; renders selective AI crawler block" time="0.00018475">
        </testcase>
        <testcase classname="tests/renderers-extended.test.ts" name="robots.txt renderer &gt; renders allow AI crawlers" time="0.000086417">
        </testcase>
        <testcase classname="tests/renderers-extended.test.ts" name="robots.txt renderer &gt; includes custom rules" time="0.000114708">
        </testcase>
        <testcase classname="tests/renderers-extended.test.ts" name="robots.txt renderer &gt; includes content signal when enabled" time="0.00009425">
        </testcase>
        <testcase classname="tests/renderers-extended.test.ts" name="security.txt renderer &gt; returns empty string when no contact or expires" time="0.000166834">
        </testcase>
        <testcase classname="tests/renderers-extended.test.ts" name="security.txt renderer &gt; renders full security.txt" time="0.000190875">
        </testcase>
        <testcase classname="tests/renderers-extended.test.ts" name="content-signals header &gt; adds Content-Signal header when enabled" time="0.00012775">
        </testcase>
        <testcase classname="tests/renderers-extended.test.ts" name="content-signals header &gt; does not add header when disabled" time="0.000091333">
        </testcase>
        <testcase classname="tests/renderers-extended.test.ts" name="markdown negotiation &gt; returns false when agent is not enabled" time="0.000096208">
        </testcase>
        <testcase classname="tests/renderers-extended.test.ts" name="markdown negotiation &gt; returns false when accept header does not include text/markdown" time="0.00006325">
        </testcase>
    </testsuite>
    <testsuite name="tests/renderers.test.ts" timestamp="2026-07-21T03:45:30.742Z" hostname="selfagency-m1mb.local" tests="4" failures="0" errors="0" skipped="0" time="0.004468167">
        <testcase classname="tests/renderers.test.ts" name="renderers &gt; renders Gemtext" time="0.001028791">
        </testcase>
        <testcase classname="tests/renderers.test.ts" name="renderers &gt; renders Markdown" time="0.00022775">
        </testcase>
        <testcase classname="tests/renderers.test.ts" name="renderers &gt; renders JSON-LD structured data" time="0.001057333">
        </testcase>
        <testcase classname="tests/renderers.test.ts" name="renderers &gt; renders minimal JSON-LD without author/org" time="0.000293667">
        </testcase>
    </testsuite>
    <testsuite name="tests/review.test.ts" timestamp="2026-07-21T03:45:30.742Z" hostname="selfagency-m1mb.local" tests="10" failures="0" errors="0" skipped="0" time="1.492716667">
        <testcase classname="tests/review.test.ts" name="frontmatter parsing &gt; parses frontmatter from MDX content" time="0.005330459">
        </testcase>
        <testcase classname="tests/review.test.ts" name="frontmatter parsing &gt; returns empty attributes for content without frontmatter" time="0.0004725">
        </testcase>
        <testcase classname="tests/review.test.ts" name="frontmatter SSRF validation &gt; prevents private IP addresses" time="0.019843166">
        </testcase>
        <testcase classname="tests/review.test.ts" name="JSON-LD structured data &gt; renders in HTML output" time="0.018572417">
        </testcase>
        <testcase classname="tests/review.test.ts" name="hashVisitor &gt; produces consistent hash for same IP on same day" time="0.007195291">
        </testcase>
        <testcase classname="tests/review.test.ts" name="logger &gt; initializes without crashing" time="0.020044417">
            <system-out>
[2026-07-21 03:45:27] [INFO ] test

            </system-out>
            <system-err>
[2026-07-21 03:45:27] [WARN ] warning
[2026-07-21 03:45:27] [ERROR] error

            </system-err>
        </testcase>
        <testcase classname="tests/review.test.ts" name="ingestUrl SSRF &gt; rejects private IP URLs" time="0.738040041">
        </testcase>
        <testcase classname="tests/review.test.ts" name="subscriber entity &gt; creates subscriber with required fields" time="0.000216625">
        </testcase>
        <testcase classname="tests/review.test.ts" name="newsletter API validation &gt; rejects missing email on subscribe" time="0.6688915">
        </testcase>
        <testcase classname="tests/review.test.ts" name="newsletter API validation &gt; rejects missing fields on contact form" time="0.011493209">
        </testcase>
    </testsuite>
    <testsuite name="tests/router.test.ts" timestamp="2026-07-21T03:45:30.743Z" hostname="selfagency-m1mb.local" tests="6" failures="0" errors="0" skipped="0" time="0.143159166">
        <testcase classname="tests/router.test.ts" name="router &gt; matches home route" time="0.001143667">
        </testcase>
        <testcase classname="tests/router.test.ts" name="router &gt; matches health route" time="0.00013025">
        </testcase>
        <testcase classname="tests/router.test.ts" name="router &gt; matches doc route for known collection" time="0.000306125">
        </testcase>
        <testcase classname="tests/router.test.ts" name="router &gt; returns doc route for unknown collection" time="0.000144291">
        </testcase>
        <testcase classname="tests/router.test.ts" name="router &gt; returns collection docs" time="0.011835041">
        </testcase>
        <testcase classname="tests/router.test.ts" name="router &gt; returns taxonomy docs" time="0.009289334">
        </testcase>
    </testsuite>
    <testsuite name="tests/rss.test.ts" timestamp="2026-07-21T03:45:30.744Z" hostname="selfagency-m1mb.local" tests="5" failures="0" errors="0" skipped="0" time="0.118575292">
        <testcase classname="tests/rss.test.ts" name="RSS renderer &gt; renders empty RSS feed when no posts" time="0.002975542">
        </testcase>
        <testcase classname="tests/rss.test.ts" name="RSS renderer &gt; includes public posts in RSS feed" time="0.029109834">
        </testcase>
        <testcase classname="tests/rss.test.ts" name="RSS renderer &gt; excludes private posts" time="0.007346375">
        </testcase>
        <testcase classname="tests/rss.test.ts" name="RSS renderer &gt; excludes non-post types" time="0.005036417">
        </testcase>
        <testcase classname="tests/rss.test.ts" name="RSS renderer &gt; includes enclosure tags when present" time="0.010897041">
        </testcase>
    </testsuite>
    <testsuite name="tests/servers.test.ts" timestamp="2026-07-21T03:45:30.744Z" hostname="selfagency-m1mb.local" tests="4" failures="0" errors="0" skipped="0" time="0.097661667">
        <testcase classname="tests/servers.test.ts" name="protocol servers &gt; Text Protocol returns home" time="0.001990916">
        </testcase>
        <testcase classname="tests/servers.test.ts" name="protocol servers &gt; Text Protocol returns 404 for missing slug" time="0.00366075">
        </testcase>
        <testcase classname="tests/servers.test.ts" name="protocol servers &gt; Text Protocol returns 404 for future-dated doc" time="0.007360708">
        </testcase>
        <testcase classname="tests/servers.test.ts" name="protocol servers &gt; Finger returns author info" time="0.000929334">
        </testcase>
    </testsuite>
    <testsuite name="tests/ssrf.test.ts" timestamp="2026-07-21T03:45:30.744Z" hostname="selfagency-m1mb.local" tests="12" failures="0" errors="0" skipped="0" time="0.00534425">
        <testcase classname="tests/ssrf.test.ts" name="SSRF protection &gt; accepts valid HTTPS URL" time="0.001232084">
        </testcase>
        <testcase classname="tests/ssrf.test.ts" name="SSRF protection &gt; accepts valid HTTP URL" time="0.000201167">
        </testcase>
        <testcase classname="tests/ssrf.test.ts" name="SSRF protection &gt; rejects localhost hostname" time="0.000075958">
        </testcase>
        <testcase classname="tests/ssrf.test.ts" name="SSRF protection &gt; rejects 127.0.0.1" time="0.000063417">
        </testcase>
        <testcase classname="tests/ssrf.test.ts" name="SSRF protection &gt; rejects 0.0.0.0" time="0.000053333">
        </testcase>
        <testcase classname="tests/ssrf.test.ts" name="SSRF protection &gt; rejects ::1" time="0.0000575">
        </testcase>
        <testcase classname="tests/ssrf.test.ts" name="SSRF protection &gt; rejects 10.x.x.x private IP" time="0.000067666">
        </testcase>
        <testcase classname="tests/ssrf.test.ts" name="SSRF protection &gt; rejects 192.168.x.x private IP" time="0.00007075">
        </testcase>
        <testcase classname="tests/ssrf.test.ts" name="SSRF protection &gt; rejects 172.16-31.x.x private IP" time="0.000082">
        </testcase>
        <testcase classname="tests/ssrf.test.ts" name="SSRF protection &gt; rejects private IPv6 (fc00::/7)" time="0.00006125">
        </testcase>
        <testcase classname="tests/ssrf.test.ts" name="SSRF protection &gt; rejects non-HTTP schemes" time="0.000075917">
        </testcase>
        <testcase classname="tests/ssrf.test.ts" name="SSRF protection &gt; rejects malformed URL" time="0.00009175">
        </testcase>
    </testsuite>
    <testsuite name="tests/storage.test.ts" timestamp="2026-07-21T03:45:30.745Z" hostname="selfagency-m1mb.local" tests="5" failures="0" errors="0" skipped="0" time="0.081724375">
        <testcase classname="tests/storage.test.ts" name="storage &gt; write creates a file" time="0.004381375">
        </testcase>
        <testcase classname="tests/storage.test.ts" name="storage &gt; read returns file content" time="0.000912291">
        </testcase>
        <testcase classname="tests/storage.test.ts" name="storage &gt; delete removes a file" time="0.000658875">
        </testcase>
        <testcase classname="tests/storage.test.ts" name="storage &gt; list returns all files" time="0.003500875">
        </testcase>
        <testcase classname="tests/storage.test.ts" name="storage &gt; writeStorage and deleteStorage convenience functions work" time="0.019379458">
        </testcase>
    </testsuite>
    <testsuite name="tests/sync.test.ts" timestamp="2026-07-21T03:45:30.746Z" hostname="selfagency-m1mb.local" tests="5" failures="0" errors="0" skipped="0" time="0.144913333">
        <testcase classname="tests/sync.test.ts" name="sync manager &gt; pushToRemote throws when remote not configured" time="0.002538917">
        </testcase>
        <testcase classname="tests/sync.test.ts" name="sync manager &gt; pushToRemote throws when no content directory" time="0.000399708">
        </testcase>
        <testcase classname="tests/sync.test.ts" name="sync manager &gt; pushToRemote sends PUT requests for MDX files" time="0.007025333">
        </testcase>
        <testcase classname="tests/sync.test.ts" name="sync manager &gt; syncTwoWay throws when remote not configured" time="0.001020666">
        </testcase>
        <testcase classname="tests/sync.test.ts" name="sync manager &gt; syncTwoWay fetches remote index and pushes local changes" time="0.052257209">
        </testcase>
    </testsuite>
    <testsuite name="tests/tooling.test.ts" timestamp="2026-07-21T03:45:30.747Z" hostname="selfagency-m1mb.local" tests="1" failures="0" errors="0" skipped="0" time="0.00620175">
        <testcase classname="tests/tooling.test.ts" name="tooling scaffold &gt; has a working test runner" time="0.002451042">
        </testcase>
    </testsuite>
    <testsuite name="tests/workmatic.test.ts" timestamp="2026-07-21T03:45:30.747Z" hostname="selfagency-m1mb.local" tests="5" failures="0" errors="0" skipped="0" time="0.1729485">
        <testcase classname="tests/workmatic.test.ts" name="workmatic job queue &gt; initializes workmatic and creates queues" time="0.021861834">
        </testcase>
        <testcase classname="tests/workmatic.test.ts" name="workmatic job queue &gt; enqueues an inbound mention job" time="0.029711875">
        </testcase>
        <testcase classname="tests/workmatic.test.ts" name="workmatic job queue &gt; enqueues a POSSE reply fetch job" time="0.025087667">
        </testcase>
        <testcase classname="tests/workmatic.test.ts" name="workmatic job queue &gt; skips POSSE reply fetch when no syndication record exists" time="0.001118083">
        </testcase>
        <testcase classname="tests/workmatic.test.ts" name="workmatic job queue &gt; getOrchestrator returns the initialized instance" time="0.000076875">
        </testcase>
    </testsuite>
</testsuites>
